<?xml version="1.0" encoding="UTF-8"?>
<testng-results ignored="0" total="1" passed="1" failed="0" skipped="0">
  <reporter-output>
  </reporter-output>
  <suite started-at="2022-11-26T21:13:48 EET" name="Default suite" finished-at="2022-11-26T21:14:03 EET" duration-ms="14750">
    <groups>
    </groups>
    <test started-at="2022-11-26T21:13:48 EET" name="Default test" finished-at="2022-11-26T21:14:03 EET" duration-ms="14750">
      <class name="smart_buy.SmartBuy">
        <test-method is-config="true" signature="this_is_before_test()[pri:0, instance:smart_buy.SmartBuy@661972b0]" started-at="2022-11-26T21:13:48 EET" name="this_is_before_test" finished-at="2022-11-26T21:14:02 EET" duration-ms="14591" status="PASS">
          <reporter-output>
          </reporter-output>
        </test-method> <!-- this_is_before_test -->
        <test-method signature="check_discount_on_percent_Dell()[pri:0, instance:smart_buy.SmartBuy@661972b0]" started-at="2022-11-26T21:14:03 EET" name="check_discount_on_percent_Dell" finished-at="2022-11-26T21:14:03 EET" duration-ms="112" status="PASS">
          <reporter-output>
          </reporter-output>
        </test-method> <!-- check_discount_on_percent_Dell -->
      </class> <!-- smart_buy.SmartBuy -->
    </test> <!-- Default test -->
  </suite> <!-- Default suite -->
</testng-results>
